<?xml version="1.0" encoding="UTF-8"?>
<!-- Generated by org.testng.reporters.JUnitReportReporter -->
<testsuite hostname="lxiby1000" failures="0" tests="1" name="OnlinerTester" time="7.818" errors="0" timestamp="2023-01-21T00:45:56 MSK" skipped="0">
  <testcase classname="OnlinerTester" name="RemoveOneComparingPhone" time="7.818"/>
  <system-out/>
</testsuite> <!-- OnlinerTester -->
