<?xml version="1.0" encoding="UTF-8"?>
<!-- Generated by org.testng.reporters.JUnitReportReporter -->
<testsuite hostname="lxiby1000" failures="0" tests="2" name="test.OnlinerTester" time="24.199" errors="0" timestamp="2023-01-21T03:59:00 MSK" skipped="0">
  <testcase classname="test.OnlinerTester" name="CheckFunctoinBuyNow" time="16.778"/>
  <system-out/>
  <testcase classname="test.OnlinerTester" name="RemoveOneComparingPhone" time="7.421"/>
  <system-out/>
</testsuite> <!-- test.OnlinerTester -->
